<?xml version="1.0" encoding="UTF-8"?>
<!-- Generated by org.testng.reporters.JUnitReportReporter -->
<testsuite hostname="WKWEJ488501635" failures="0" tests="1" name="api.testcases.testngcheck" time="0.014" errors="0" timestamp="2024-11-26T12:50:19 IST" skipped="0">
  <testcase classname="api.testcases.testngcheck" name="text" time="0.014"/>
  <system-out/>
</testsuite> <!-- api.testcases.testngcheck -->
