<?xml version="1.0" encoding="UTF-8"?>
<!-- Generated by org.testng.reporters.JUnitReportReporter -->
<testsuite hostname="WKWEJ488501635" failures="0" tests="4" name="api.testcases.UserTest" time="7.887" errors="0" timestamp="2024-11-27T18:24:29 IST" skipped="0">
  <testcase classname="api.testcases.UserTest" name="Test_CreateUser" time="2.494"/>
  <system-out/>
  <testcase classname="api.testcases.UserTest" name="Test_getUser" time="1.163"/>
  <system-out/>
  <testcase classname="api.testcases.UserTest" name="Test_updateUser" time="2.126"/>
  <system-out/>
  <testcase classname="api.testcases.UserTest" name="Test_deleteUser" time="2.104"/>
  <system-out/>
</testsuite> <!-- api.testcases.UserTest -->
